{
  "RSpec": {
    "coverage": {
      "/Users/laurefischer/project_two/DoMe/app/models/adventure.rb": [
        1,
        1,
        1,
        null
      ],
      "/Users/laurefischer/project_two/DoMe/app/controllers/activities_controller.rb": [
        1,
        1,
        null,
        null,
        1,
        21,
        21,
        21,
        21,
        null,
        null,
        null,
        null,
        1,
        null,
        null,
        1,
        1,
        null,
        null,
        null,
        1,
        7,
        null,
        null,
        1,
        6,
        3,
        3,
        null,
        3,
        3,
        1,
        1,
        null,
        2,
        null,
        null,
        null,
        null,
        1,
        4,
        null,
        null,
        1,
        null,
        1,
        6,
        3,
        null,
        3,
        null,
        6,
        null,
        null,
        null
      ],
      "/Users/laurefischer/project_two/DoMe/app/controllers/application_controller.rb": [
        1,
        null,
        null,
        1,
        1,
        null,
        1,
        null,
        null,
        65,
        null,
        null,
        null,
        42,
        null,
        null,
        null,
        null,
        1,
        9,
        3,
        3,
        3,
        1,
        1,
        null,
        2,
        null,
        null,
        6,
        null,
        null,
        null
      ]
    },
    "timestamp": 1394050629
  }
}
