{
  "RSpec": {
    "coverage": {
      "/Users/laurefischer/project_two/DoMe/app/models/adventure.rb": [
        1,
        1,
        1,
        null
      ],
      "/Users/laurefischer/project_two/DoMe/app/controllers/activities_controller.rb": [
        1,
        1,
        null,
        null,
        1,
        45,
        45,
        45,
        62,
        null,
        null,
        null,
        null,
        1,
        null,
        null,
        1,
        1,
        null,
        null,
        null,
        1,
        11,
        null,
        null,
        1,
        10,
        3,
        3,
        null,
        7,
        7,
        1,
        1,
        null,
        6,
        null,
        null,
        null,
        null,
        1,
        8,
        null,
        null,
        1,
        null,
        1,
        10,
        7,
        null,
        3,
        null,
        10,
        null,
        null,
        null
      ],
      "/Users/laurefischer/project_two/DoMe/app/controllers/application_controller.rb": [
        1,
        null,
        null,
        1,
        1,
        null,
        1,
        null,
        null,
        106,
        null,
        null,
        null,
        61,
        null,
        null,
        null,
        null,
        1,
        11,
        3,
        3,
        3,
        1,
        1,
        null,
        2,
        null,
        null,
        8,
        null,
        null,
        null
      ]
    },
    "timestamp": 1394072236
  }
}
